2025-09-12 09:23:45.200 [main] INFO  com.cc.monitor.MonitorApplication - Starting MonitorApplication v0.0.1-SNAPSHOT on DESKTOP-L09EKHO with PID 10500 (D:\code\money\visualvm-client\java\monitor-0.0.1-SNAPSHOT.jar started by SY199 in D:\code\money\visualvm-client\java)
2025-09-12 09:23:45.203 [main] INFO  com.cc.monitor.MonitorApplication - No active profile set, falling back to default profiles: default
2025-09-12 09:23:45.701 [main] INFO  org.springframework.data.repository.config.RepositoryConfigurationDelegate - Bootstrapping Spring Data JPA repositories in DEFAULT mode.
2025-09-12 09:23:45.757 [main] INFO  org.springframework.data.repository.config.RepositoryConfigurationDelegate - Finished Spring Data repository scanning in 48ms. Found 1 JPA repository interfaces.
2025-09-12 09:23:46.035 [main] INFO  o.s.context.support.PostProcessorRegistrationDelegate$BeanPostProcessorChecker - Bean 'org.springframework.transaction.annotation.ProxyTransactionManagementConfiguration' of type [org.springframework.transaction.annotation.ProxyTransactionManagementConfiguration] is not eligible for getting processed by all BeanPostProcessors (for example: not eligible for auto-proxying)
2025-09-12 09:23:46.679 [main] INFO  org.springframework.boot.web.embedded.tomcat.TomcatWebServer - Tomcat initialized with port(s): 8099 (http)
2025-09-12 09:23:46.688 [main] INFO  org.apache.coyote.http11.Http11NioProtocol - Initializing ProtocolHandler ["http-nio-8099"]
2025-09-12 09:23:46.690 [main] INFO  org.apache.catalina.core.StandardService - Starting service [Tomcat]
2025-09-12 09:23:46.691 [main] INFO  org.apache.catalina.core.StandardEngine - Starting Servlet engine: [Apache Tomcat/9.0.30]
2025-09-12 09:23:46.743 [main] INFO  org.apache.catalina.core.ContainerBase.[Tomcat].[localhost].[/cvm] - Initializing Spring embedded WebApplicationContext
2025-09-12 09:23:46.744 [main] INFO  org.springframework.web.context.ContextLoader - Root WebApplicationContext: initialization completed in 1501 ms
2025-09-12 09:23:46.783 [main] INFO  com.zaxxer.hikari.HikariDataSource - HikariPool-1 - Starting...
2025-09-12 09:23:47.005 [main] INFO  com.zaxxer.hikari.HikariDataSource - HikariPool-1 - Start completed.
2025-09-12 09:23:47.013 [main] INFO  org.springframework.boot.autoconfigure.h2.H2ConsoleAutoConfiguration - H2 console available at '/h2-console'. Database available at 'jdbc:h2:file:./db/monitor'
2025-09-12 09:23:47.172 [main] INFO  org.hibernate.jpa.internal.util.LogHelper - HHH000204: Processing PersistenceUnitInfo [name: default]
2025-09-12 09:23:47.250 [main] INFO  org.hibernate.Version - HHH000412: Hibernate Core {5.4.10.Final}
2025-09-12 09:23:47.417 [main] INFO  org.hibernate.annotations.common.Version - HCANN000001: Hibernate Commons Annotations {5.1.0.Final}
2025-09-12 09:23:47.572 [main] INFO  org.hibernate.dialect.Dialect - HHH000400: Using dialect: org.hibernate.dialect.H2Dialect
2025-09-12 09:23:48.368 [main] INFO  org.hibernate.engine.transaction.jta.platform.internal.JtaPlatformInitiator - HHH000490: Using JtaPlatform implementation: [org.hibernate.engine.transaction.jta.platform.internal.NoJtaPlatform]
2025-09-12 09:23:48.376 [main] INFO  org.springframework.orm.jpa.LocalContainerEntityManagerFactoryBean - Initialized JPA EntityManagerFactory for persistence unit 'default'
2025-09-12 09:23:49.127 [main] INFO  org.springframework.scheduling.concurrent.ThreadPoolTaskExecutor - Initializing ExecutorService 'applicationTaskExecutor'
2025-09-12 09:23:49.394 [main] INFO  org.springframework.scheduling.concurrent.ThreadPoolTaskScheduler - Initializing ExecutorService 'taskScheduler'
2025-09-12 09:23:49.440 [main] INFO  org.apache.coyote.http11.Http11NioProtocol - Starting ProtocolHandler ["http-nio-8099"]
2025-09-12 09:23:49.468 [main] INFO  org.apache.coyote.http11.Http11NioProtocol - Pausing ProtocolHandler ["http-nio-8099"]
2025-09-12 09:23:49.469 [main] INFO  org.apache.catalina.core.StandardService - Stopping service [Tomcat]
2025-09-12 09:23:49.481 [main] INFO  org.apache.coyote.http11.Http11NioProtocol - Stopping ProtocolHandler ["http-nio-8099"]
2025-09-12 09:23:49.482 [main] INFO  org.apache.coyote.http11.Http11NioProtocol - Destroying ProtocolHandler ["http-nio-8099"]
2025-09-12 09:23:49.486 [main] INFO  o.s.boot.autoconfigure.logging.ConditionEvaluationReportLoggingListener - 

Error starting ApplicationContext. To display the conditions report re-run your application with 'debug' enabled.
2025-09-12 09:23:49.493 [main] INFO  org.springframework.scheduling.concurrent.ThreadPoolTaskScheduler - Shutting down ExecutorService 'taskScheduler'
2025-09-12 09:23:49.494 [main] INFO  org.springframework.scheduling.concurrent.ThreadPoolTaskExecutor - Shutting down ExecutorService 'applicationTaskExecutor'
2025-09-12 09:23:49.495 [main] INFO  org.springframework.orm.jpa.LocalContainerEntityManagerFactoryBean - Closing JPA EntityManagerFactory for persistence unit 'default'
2025-09-12 09:23:49.498 [main] INFO  com.zaxxer.hikari.HikariDataSource - HikariPool-1 - Shutdown initiated...
2025-09-12 09:23:49.518 [main] INFO  com.zaxxer.hikari.HikariDataSource - HikariPool-1 - Shutdown completed.
2025-09-12 09:26:33.579 [main] INFO  com.cc.monitor.MonitorApplication - Starting MonitorApplication v0.0.1-SNAPSHOT on DESKTOP-L09EKHO with PID 19168 (D:\code\money\visualvm-client\java\monitor-0.0.1-SNAPSHOT.jar started by SY199 in D:\code\money\visualvm-client\java)
2025-09-12 09:26:33.582 [main] INFO  com.cc.monitor.MonitorApplication - No active profile set, falling back to default profiles: default
2025-09-12 09:26:34.079 [main] INFO  org.springframework.data.repository.config.RepositoryConfigurationDelegate - Bootstrapping Spring Data JPA repositories in DEFAULT mode.
2025-09-12 09:26:34.129 [main] INFO  org.springframework.data.repository.config.RepositoryConfigurationDelegate - Finished Spring Data repository scanning in 42ms. Found 1 JPA repository interfaces.
2025-09-12 09:26:34.400 [main] INFO  o.s.context.support.PostProcessorRegistrationDelegate$BeanPostProcessorChecker - Bean 'org.springframework.transaction.annotation.ProxyTransactionManagementConfiguration' of type [org.springframework.transaction.annotation.ProxyTransactionManagementConfiguration] is not eligible for getting processed by all BeanPostProcessors (for example: not eligible for auto-proxying)
2025-09-12 09:26:35.123 [main] INFO  org.springframework.boot.web.embedded.tomcat.TomcatWebServer - Tomcat initialized with port(s): 8099 (http)
2025-09-12 09:26:35.137 [main] INFO  org.apache.coyote.http11.Http11NioProtocol - Initializing ProtocolHandler ["http-nio-8099"]
2025-09-12 09:26:35.138 [main] INFO  org.apache.catalina.core.StandardService - Starting service [Tomcat]
2025-09-12 09:26:35.139 [main] INFO  org.apache.catalina.core.StandardEngine - Starting Servlet engine: [Apache Tomcat/9.0.30]
2025-09-12 09:26:35.212 [main] INFO  org.apache.catalina.core.ContainerBase.[Tomcat].[localhost].[/cvm] - Initializing Spring embedded WebApplicationContext
2025-09-12 09:26:35.212 [main] INFO  org.springframework.web.context.ContextLoader - Root WebApplicationContext: initialization completed in 1590 ms
2025-09-12 09:26:35.252 [main] INFO  com.zaxxer.hikari.HikariDataSource - HikariPool-1 - Starting...
2025-09-12 09:26:35.499 [main] INFO  com.zaxxer.hikari.HikariDataSource - HikariPool-1 - Start completed.
2025-09-12 09:26:35.506 [main] INFO  org.springframework.boot.autoconfigure.h2.H2ConsoleAutoConfiguration - H2 console available at '/h2-console'. Database available at 'jdbc:h2:file:./db/monitor'
2025-09-12 09:26:35.648 [main] INFO  org.hibernate.jpa.internal.util.LogHelper - HHH000204: Processing PersistenceUnitInfo [name: default]
2025-09-12 09:26:35.718 [main] INFO  org.hibernate.Version - HHH000412: Hibernate Core {5.4.10.Final}
2025-09-12 09:26:35.868 [main] INFO  org.hibernate.annotations.common.Version - HCANN000001: Hibernate Commons Annotations {5.1.0.Final}
2025-09-12 09:26:36.011 [main] INFO  org.hibernate.dialect.Dialect - HHH000400: Using dialect: org.hibernate.dialect.H2Dialect
2025-09-12 09:26:36.696 [main] INFO  org.hibernate.engine.transaction.jta.platform.internal.JtaPlatformInitiator - HHH000490: Using JtaPlatform implementation: [org.hibernate.engine.transaction.jta.platform.internal.NoJtaPlatform]
2025-09-12 09:26:36.703 [main] INFO  org.springframework.orm.jpa.LocalContainerEntityManagerFactoryBean - Initialized JPA EntityManagerFactory for persistence unit 'default'
2025-09-12 09:26:37.345 [main] INFO  org.springframework.scheduling.concurrent.ThreadPoolTaskExecutor - Initializing ExecutorService 'applicationTaskExecutor'
2025-09-12 09:26:37.581 [main] INFO  org.springframework.scheduling.concurrent.ThreadPoolTaskScheduler - Initializing ExecutorService 'taskScheduler'
2025-09-12 09:26:37.616 [main] INFO  org.apache.coyote.http11.Http11NioProtocol - Starting ProtocolHandler ["http-nio-8099"]
2025-09-12 09:26:37.659 [main] INFO  org.springframework.boot.web.embedded.tomcat.TomcatWebServer - Tomcat started on port(s): 8099 (http) with context path '/cvm'
2025-09-12 09:26:37.663 [main] INFO  com.cc.monitor.MonitorApplication - Started MonitorApplication in 4.542 seconds (JVM running for 4.89)
2025-09-12 09:26:37.666 [main] INFO  com.cc.monitor.listener.AppStartupListener - 监控工具启动完成！
2025-09-12 09:39:26.410 [http-nio-8099-exec-2] INFO  org.apache.catalina.core.ContainerBase.[Tomcat].[localhost].[/cvm] - Initializing Spring DispatcherServlet 'dispatcherServlet'
2025-09-12 09:39:26.412 [http-nio-8099-exec-2] INFO  org.springframework.web.servlet.DispatcherServlet - Initializing Servlet 'dispatcherServlet'
2025-09-12 09:39:26.420 [http-nio-8099-exec-2] INFO  org.springframework.web.servlet.DispatcherServlet - Completed initialization in 8 ms
2025-09-12 14:05:51.641 [SpringContextShutdownHook] INFO  org.springframework.scheduling.concurrent.ThreadPoolTaskScheduler - Shutting down ExecutorService 'taskScheduler'
2025-09-12 14:05:51.642 [SpringContextShutdownHook] INFO  org.springframework.scheduling.concurrent.ThreadPoolTaskExecutor - Shutting down ExecutorService 'applicationTaskExecutor'
2025-09-12 14:05:51.643 [SpringContextShutdownHook] INFO  org.springframework.orm.jpa.LocalContainerEntityManagerFactoryBean - Closing JPA EntityManagerFactory for persistence unit 'default'
2025-09-12 14:05:51.651 [SpringContextShutdownHook] INFO  com.zaxxer.hikari.HikariDataSource - HikariPool-1 - Shutdown initiated...
2025-09-12 14:05:51.658 [SpringContextShutdownHook] INFO  com.zaxxer.hikari.HikariDataSource - HikariPool-1 - Shutdown completed.
2025-09-12 15:30:48.018 [main] INFO  com.cc.monitor.MonitorApplication - Starting MonitorApplication v0.0.1-SNAPSHOT on DESKTOP-L09EKHO with PID 20396 (D:\code\money\visualvm-client\java\monitor-0.0.1-SNAPSHOT.jar started by SY199 in D:\code\money\visualvm-client\java)
2025-09-12 15:30:48.022 [main] INFO  com.cc.monitor.MonitorApplication - No active profile set, falling back to default profiles: default
2025-09-12 15:30:48.632 [main] INFO  org.springframework.data.repository.config.RepositoryConfigurationDelegate - Bootstrapping Spring Data JPA repositories in DEFAULT mode.
2025-09-12 15:30:48.691 [main] INFO  org.springframework.data.repository.config.RepositoryConfigurationDelegate - Finished Spring Data repository scanning in 50ms. Found 1 JPA repository interfaces.
2025-09-12 15:30:49.007 [main] INFO  o.s.context.support.PostProcessorRegistrationDelegate$BeanPostProcessorChecker - Bean 'org.springframework.transaction.annotation.ProxyTransactionManagementConfiguration' of type [org.springframework.transaction.annotation.ProxyTransactionManagementConfiguration] is not eligible for getting processed by all BeanPostProcessors (for example: not eligible for auto-proxying)
2025-09-12 15:30:49.727 [main] INFO  org.springframework.boot.web.embedded.tomcat.TomcatWebServer - Tomcat initialized with port(s): 8099 (http)
2025-09-12 15:30:49.738 [main] INFO  org.apache.coyote.http11.Http11NioProtocol - Initializing ProtocolHandler ["http-nio-8099"]
2025-09-12 15:30:49.739 [main] INFO  org.apache.catalina.core.StandardService - Starting service [Tomcat]
2025-09-12 15:30:49.739 [main] INFO  org.apache.catalina.core.StandardEngine - Starting Servlet engine: [Apache Tomcat/9.0.30]
2025-09-12 15:30:49.801 [main] INFO  org.apache.catalina.core.ContainerBase.[Tomcat].[localhost].[/cvm] - Initializing Spring embedded WebApplicationContext
2025-09-12 15:30:49.801 [main] INFO  org.springframework.web.context.ContextLoader - Root WebApplicationContext: initialization completed in 1729 ms
2025-09-12 15:30:49.846 [main] INFO  com.zaxxer.hikari.HikariDataSource - HikariPool-1 - Starting...
2025-09-12 15:30:50.170 [main] INFO  com.zaxxer.hikari.HikariDataSource - HikariPool-1 - Start completed.
2025-09-12 15:30:50.179 [main] INFO  org.springframework.boot.autoconfigure.h2.H2ConsoleAutoConfiguration - H2 console available at '/h2-console'. Database available at 'jdbc:h2:file:./db/monitor'
2025-09-12 15:30:50.370 [main] INFO  org.hibernate.jpa.internal.util.LogHelper - HHH000204: Processing PersistenceUnitInfo [name: default]
2025-09-12 15:30:50.481 [main] INFO  org.hibernate.Version - HHH000412: Hibernate Core {5.4.10.Final}
2025-09-12 15:30:50.665 [main] INFO  org.hibernate.annotations.common.Version - HCANN000001: Hibernate Commons Annotations {5.1.0.Final}
2025-09-12 15:30:50.798 [main] INFO  org.hibernate.dialect.Dialect - HHH000400: Using dialect: org.hibernate.dialect.H2Dialect
2025-09-12 15:30:51.612 [main] INFO  org.hibernate.engine.transaction.jta.platform.internal.JtaPlatformInitiator - HHH000490: Using JtaPlatform implementation: [org.hibernate.engine.transaction.jta.platform.internal.NoJtaPlatform]
2025-09-12 15:30:51.621 [main] INFO  org.springframework.orm.jpa.LocalContainerEntityManagerFactoryBean - Initialized JPA EntityManagerFactory for persistence unit 'default'
2025-09-12 15:30:52.405 [main] INFO  org.springframework.scheduling.concurrent.ThreadPoolTaskExecutor - Initializing ExecutorService 'applicationTaskExecutor'
2025-09-12 15:30:52.670 [main] INFO  org.springframework.scheduling.concurrent.ThreadPoolTaskScheduler - Initializing ExecutorService 'taskScheduler'
2025-09-12 15:30:52.714 [main] INFO  org.apache.coyote.http11.Http11NioProtocol - Starting ProtocolHandler ["http-nio-8099"]
2025-09-12 15:30:52.768 [main] INFO  org.springframework.boot.web.embedded.tomcat.TomcatWebServer - Tomcat started on port(s): 8099 (http) with context path '/cvm'
2025-09-12 15:30:52.774 [main] INFO  com.cc.monitor.MonitorApplication - Started MonitorApplication in 5.293 seconds (JVM running for 5.815)
2025-09-12 15:30:52.778 [main] INFO  com.cc.monitor.listener.AppStartupListener - 监控工具启动完成！
2025-09-12 15:30:57.006 [http-nio-8099-exec-1] INFO  org.apache.catalina.core.ContainerBase.[Tomcat].[localhost].[/cvm] - Initializing Spring DispatcherServlet 'dispatcherServlet'
2025-09-12 15:30:57.007 [http-nio-8099-exec-1] INFO  org.springframework.web.servlet.DispatcherServlet - Initializing Servlet 'dispatcherServlet'
2025-09-12 15:30:57.015 [http-nio-8099-exec-1] INFO  org.springframework.web.servlet.DispatcherServlet - Completed initialization in 7 ms
2025-09-12 15:31:06.010 [SpringContextShutdownHook] INFO  org.springframework.scheduling.concurrent.ThreadPoolTaskScheduler - Shutting down ExecutorService 'taskScheduler'
2025-09-12 15:31:06.011 [SpringContextShutdownHook] INFO  org.springframework.scheduling.concurrent.ThreadPoolTaskExecutor - Shutting down ExecutorService 'applicationTaskExecutor'
2025-09-12 15:31:06.012 [SpringContextShutdownHook] INFO  org.springframework.orm.jpa.LocalContainerEntityManagerFactoryBean - Closing JPA EntityManagerFactory for persistence unit 'default'
2025-09-12 15:31:06.014 [SpringContextShutdownHook] INFO  com.zaxxer.hikari.HikariDataSource - HikariPool-1 - Shutdown initiated...
2025-09-12 15:31:06.018 [SpringContextShutdownHook] INFO  com.zaxxer.hikari.HikariDataSource - HikariPool-1 - Shutdown completed.
2025-09-12 15:31:25.257 [main] INFO  com.cc.monitor.MonitorApplication - Starting MonitorApplication v0.0.1-SNAPSHOT on DESKTOP-L09EKHO with PID 5080 (D:\code\money\visualvm-client\java\monitor-0.0.1-SNAPSHOT.jar started by SY199 in D:\code\money\visualvm-client\java)
2025-09-12 15:31:25.262 [main] INFO  com.cc.monitor.MonitorApplication - No active profile set, falling back to default profiles: default
2025-09-12 15:31:25.872 [main] INFO  org.springframework.data.repository.config.RepositoryConfigurationDelegate - Bootstrapping Spring Data JPA repositories in DEFAULT mode.
2025-09-12 15:31:25.932 [main] INFO  org.springframework.data.repository.config.RepositoryConfigurationDelegate - Finished Spring Data repository scanning in 51ms. Found 1 JPA repository interfaces.
2025-09-12 15:31:26.323 [main] INFO  o.s.context.support.PostProcessorRegistrationDelegate$BeanPostProcessorChecker - Bean 'org.springframework.transaction.annotation.ProxyTransactionManagementConfiguration' of type [org.springframework.transaction.annotation.ProxyTransactionManagementConfiguration] is not eligible for getting processed by all BeanPostProcessors (for example: not eligible for auto-proxying)
2025-09-12 15:31:27.151 [main] INFO  org.springframework.boot.web.embedded.tomcat.TomcatWebServer - Tomcat initialized with port(s): 8099 (http)
2025-09-12 15:31:27.163 [main] INFO  org.apache.coyote.http11.Http11NioProtocol - Initializing ProtocolHandler ["http-nio-8099"]
2025-09-12 15:31:27.164 [main] INFO  org.apache.catalina.core.StandardService - Starting service [Tomcat]
2025-09-12 15:31:27.165 [main] INFO  org.apache.catalina.core.StandardEngine - Starting Servlet engine: [Apache Tomcat/9.0.30]
2025-09-12 15:31:27.235 [main] INFO  org.apache.catalina.core.ContainerBase.[Tomcat].[localhost].[/cvm] - Initializing Spring embedded WebApplicationContext
2025-09-12 15:31:27.235 [main] INFO  org.springframework.web.context.ContextLoader - Root WebApplicationContext: initialization completed in 1921 ms
2025-09-12 15:31:27.284 [main] INFO  com.zaxxer.hikari.HikariDataSource - HikariPool-1 - Starting...
2025-09-12 15:31:27.559 [main] INFO  com.zaxxer.hikari.HikariDataSource - HikariPool-1 - Start completed.
2025-09-12 15:31:27.567 [main] INFO  org.springframework.boot.autoconfigure.h2.H2ConsoleAutoConfiguration - H2 console available at '/h2-console'. Database available at 'jdbc:h2:file:./db/monitor'
2025-09-12 15:31:27.738 [main] INFO  org.hibernate.jpa.internal.util.LogHelper - HHH000204: Processing PersistenceUnitInfo [name: default]
2025-09-12 15:31:27.824 [main] INFO  org.hibernate.Version - HHH000412: Hibernate Core {5.4.10.Final}
2025-09-12 15:31:27.967 [main] INFO  org.hibernate.annotations.common.Version - HCANN000001: Hibernate Commons Annotations {5.1.0.Final}
2025-09-12 15:31:28.089 [main] INFO  org.hibernate.dialect.Dialect - HHH000400: Using dialect: org.hibernate.dialect.H2Dialect
2025-09-12 15:31:28.597 [main] INFO  org.hibernate.engine.transaction.jta.platform.internal.JtaPlatformInitiator - HHH000490: Using JtaPlatform implementation: [org.hibernate.engine.transaction.jta.platform.internal.NoJtaPlatform]
2025-09-12 15:31:28.605 [main] INFO  org.springframework.orm.jpa.LocalContainerEntityManagerFactoryBean - Initialized JPA EntityManagerFactory for persistence unit 'default'
2025-09-12 15:31:29.269 [main] INFO  org.springframework.scheduling.concurrent.ThreadPoolTaskExecutor - Initializing ExecutorService 'applicationTaskExecutor'
2025-09-12 15:31:29.541 [main] INFO  org.springframework.scheduling.concurrent.ThreadPoolTaskScheduler - Initializing ExecutorService 'taskScheduler'
2025-09-12 15:31:29.589 [main] INFO  org.apache.coyote.http11.Http11NioProtocol - Starting ProtocolHandler ["http-nio-8099"]
2025-09-12 15:31:29.641 [main] INFO  org.springframework.boot.web.embedded.tomcat.TomcatWebServer - Tomcat started on port(s): 8099 (http) with context path '/cvm'
2025-09-12 15:31:29.646 [main] INFO  com.cc.monitor.MonitorApplication - Started MonitorApplication in 4.873 seconds (JVM running for 5.367)
2025-09-12 15:31:29.650 [main] INFO  com.cc.monitor.listener.AppStartupListener - 监控工具启动完成！
2025-09-12 15:31:30.160 [http-nio-8099-exec-2] INFO  org.apache.catalina.core.ContainerBase.[Tomcat].[localhost].[/cvm] - Initializing Spring DispatcherServlet 'dispatcherServlet'
2025-09-12 15:31:30.161 [http-nio-8099-exec-2] INFO  org.springframework.web.servlet.DispatcherServlet - Initializing Servlet 'dispatcherServlet'
2025-09-12 15:31:30.167 [http-nio-8099-exec-2] INFO  org.springframework.web.servlet.DispatcherServlet - Completed initialization in 6 ms
2025-09-12 15:31:47.829 [SpringContextShutdownHook] INFO  org.springframework.scheduling.concurrent.ThreadPoolTaskScheduler - Shutting down ExecutorService 'taskScheduler'
2025-09-12 15:31:47.830 [SpringContextShutdownHook] INFO  org.springframework.scheduling.concurrent.ThreadPoolTaskExecutor - Shutting down ExecutorService 'applicationTaskExecutor'
2025-09-12 15:31:47.831 [SpringContextShutdownHook] INFO  org.springframework.orm.jpa.LocalContainerEntityManagerFactoryBean - Closing JPA EntityManagerFactory for persistence unit 'default'
2025-09-12 15:31:47.833 [SpringContextShutdownHook] INFO  com.zaxxer.hikari.HikariDataSource - HikariPool-1 - Shutdown initiated...
2025-09-12 15:31:47.837 [SpringContextShutdownHook] INFO  com.zaxxer.hikari.HikariDataSource - HikariPool-1 - Shutdown completed.
2025-09-12 15:33:19.972 [main] INFO  com.cc.monitor.MonitorApplication - Starting MonitorApplication v0.0.1-SNAPSHOT on DESKTOP-L09EKHO with PID 31784 (D:\code\money\visualvm-client\java\monitor-0.0.1-SNAPSHOT.jar started by SY199 in D:\code\money\visualvm-client\java)
2025-09-12 15:33:19.974 [main] INFO  com.cc.monitor.MonitorApplication - No active profile set, falling back to default profiles: default
2025-09-12 15:33:20.549 [main] INFO  org.springframework.data.repository.config.RepositoryConfigurationDelegate - Bootstrapping Spring Data JPA repositories in DEFAULT mode.
2025-09-12 15:33:20.605 [main] INFO  org.springframework.data.repository.config.RepositoryConfigurationDelegate - Finished Spring Data repository scanning in 48ms. Found 1 JPA repository interfaces.
2025-09-12 15:33:20.934 [main] INFO  o.s.context.support.PostProcessorRegistrationDelegate$BeanPostProcessorChecker - Bean 'org.springframework.transaction.annotation.ProxyTransactionManagementConfiguration' of type [org.springframework.transaction.annotation.ProxyTransactionManagementConfiguration] is not eligible for getting processed by all BeanPostProcessors (for example: not eligible for auto-proxying)
2025-09-12 15:33:21.599 [main] INFO  org.springframework.boot.web.embedded.tomcat.TomcatWebServer - Tomcat initialized with port(s): 8099 (http)
2025-09-12 15:33:21.611 [main] INFO  org.apache.coyote.http11.Http11NioProtocol - Initializing ProtocolHandler ["http-nio-8099"]
2025-09-12 15:33:21.612 [main] INFO  org.apache.catalina.core.StandardService - Starting service [Tomcat]
2025-09-12 15:33:21.612 [main] INFO  org.apache.catalina.core.StandardEngine - Starting Servlet engine: [Apache Tomcat/9.0.30]
2025-09-12 15:33:21.678 [main] INFO  org.apache.catalina.core.ContainerBase.[Tomcat].[localhost].[/cvm] - Initializing Spring embedded WebApplicationContext
2025-09-12 15:33:21.679 [main] INFO  org.springframework.web.context.ContextLoader - Root WebApplicationContext: initialization completed in 1656 ms
2025-09-12 15:33:21.726 [main] INFO  com.zaxxer.hikari.HikariDataSource - HikariPool-1 - Starting...
2025-09-12 15:33:21.987 [main] INFO  com.zaxxer.hikari.HikariDataSource - HikariPool-1 - Start completed.
2025-09-12 15:33:21.995 [main] INFO  org.springframework.boot.autoconfigure.h2.H2ConsoleAutoConfiguration - H2 console available at '/h2-console'. Database available at 'jdbc:h2:file:./db/monitor'
2025-09-12 15:33:22.149 [main] INFO  org.hibernate.jpa.internal.util.LogHelper - HHH000204: Processing PersistenceUnitInfo [name: default]
2025-09-12 15:33:22.235 [main] INFO  org.hibernate.Version - HHH000412: Hibernate Core {5.4.10.Final}
2025-09-12 15:33:22.403 [main] INFO  org.hibernate.annotations.common.Version - HCANN000001: Hibernate Commons Annotations {5.1.0.Final}
2025-09-12 15:33:22.552 [main] INFO  org.hibernate.dialect.Dialect - HHH000400: Using dialect: org.hibernate.dialect.H2Dialect
2025-09-12 15:33:23.089 [main] INFO  org.hibernate.engine.transaction.jta.platform.internal.JtaPlatformInitiator - HHH000490: Using JtaPlatform implementation: [org.hibernate.engine.transaction.jta.platform.internal.NoJtaPlatform]
2025-09-12 15:33:23.096 [main] INFO  org.springframework.orm.jpa.LocalContainerEntityManagerFactoryBean - Initialized JPA EntityManagerFactory for persistence unit 'default'
2025-09-12 15:33:23.772 [main] INFO  org.springframework.scheduling.concurrent.ThreadPoolTaskExecutor - Initializing ExecutorService 'applicationTaskExecutor'
2025-09-12 15:33:24.052 [main] INFO  org.springframework.scheduling.concurrent.ThreadPoolTaskScheduler - Initializing ExecutorService 'taskScheduler'
2025-09-12 15:33:24.107 [main] INFO  org.apache.coyote.http11.Http11NioProtocol - Starting ProtocolHandler ["http-nio-8099"]
2025-09-12 15:33:24.165 [main] INFO  org.springframework.boot.web.embedded.tomcat.TomcatWebServer - Tomcat started on port(s): 8099 (http) with context path '/cvm'
2025-09-12 15:33:24.172 [main] INFO  com.cc.monitor.MonitorApplication - Started MonitorApplication in 4.699 seconds (JVM running for 5.175)
2025-09-12 15:33:24.174 [main] INFO  com.cc.monitor.listener.AppStartupListener - 监控工具启动完成！
2025-09-12 15:33:37.363 [http-nio-8099-exec-2] INFO  org.apache.catalina.core.ContainerBase.[Tomcat].[localhost].[/cvm] - Initializing Spring DispatcherServlet 'dispatcherServlet'
2025-09-12 15:33:37.364 [http-nio-8099-exec-2] INFO  org.springframework.web.servlet.DispatcherServlet - Initializing Servlet 'dispatcherServlet'
2025-09-12 15:33:37.371 [http-nio-8099-exec-2] INFO  org.springframework.web.servlet.DispatcherServlet - Completed initialization in 7 ms
2025-09-12 16:00:11.534 [SpringContextShutdownHook] INFO  org.springframework.scheduling.concurrent.ThreadPoolTaskScheduler - Shutting down ExecutorService 'taskScheduler'
2025-09-12 16:00:11.535 [SpringContextShutdownHook] INFO  org.springframework.scheduling.concurrent.ThreadPoolTaskExecutor - Shutting down ExecutorService 'applicationTaskExecutor'
2025-09-12 16:00:11.536 [SpringContextShutdownHook] INFO  org.springframework.orm.jpa.LocalContainerEntityManagerFactoryBean - Closing JPA EntityManagerFactory for persistence unit 'default'
2025-09-12 16:00:11.538 [SpringContextShutdownHook] INFO  com.zaxxer.hikari.HikariDataSource - HikariPool-1 - Shutdown initiated...
2025-09-12 16:00:11.544 [SpringContextShutdownHook] INFO  com.zaxxer.hikari.HikariDataSource - HikariPool-1 - Shutdown completed.
2025-09-12 16:05:19.733 [main] INFO  com.cc.monitor.MonitorApplication - Starting MonitorApplication v0.0.1-SNAPSHOT on DESKTOP-L09EKHO with PID 15436 (D:\code\money\visualvm-client\java\monitor-0.0.1-SNAPSHOT.jar started by SY199 in D:\code\money\visualvm-client\java)
2025-09-12 16:05:19.737 [main] INFO  com.cc.monitor.MonitorApplication - No active profile set, falling back to default profiles: default
2025-09-12 16:05:20.438 [main] INFO  org.springframework.data.repository.config.RepositoryConfigurationDelegate - Bootstrapping Spring Data JPA repositories in DEFAULT mode.
2025-09-12 16:05:20.502 [main] INFO  org.springframework.data.repository.config.RepositoryConfigurationDelegate - Finished Spring Data repository scanning in 54ms. Found 1 JPA repository interfaces.
2025-09-12 16:05:20.854 [main] INFO  o.s.context.support.PostProcessorRegistrationDelegate$BeanPostProcessorChecker - Bean 'org.springframework.transaction.annotation.ProxyTransactionManagementConfiguration' of type [org.springframework.transaction.annotation.ProxyTransactionManagementConfiguration] is not eligible for getting processed by all BeanPostProcessors (for example: not eligible for auto-proxying)
2025-09-12 16:05:21.725 [main] INFO  org.springframework.boot.web.embedded.tomcat.TomcatWebServer - Tomcat initialized with port(s): 8099 (http)
2025-09-12 16:05:21.738 [main] INFO  org.apache.coyote.http11.Http11NioProtocol - Initializing ProtocolHandler ["http-nio-8099"]
2025-09-12 16:05:21.739 [main] INFO  org.apache.catalina.core.StandardService - Starting service [Tomcat]
2025-09-12 16:05:21.740 [main] INFO  org.apache.catalina.core.StandardEngine - Starting Servlet engine: [Apache Tomcat/9.0.30]
2025-09-12 16:05:21.817 [main] INFO  org.apache.catalina.core.ContainerBase.[Tomcat].[localhost].[/cvm] - Initializing Spring embedded WebApplicationContext
2025-09-12 16:05:21.819 [main] INFO  org.springframework.web.context.ContextLoader - Root WebApplicationContext: initialization completed in 2027 ms
2025-09-12 16:05:21.871 [main] INFO  com.zaxxer.hikari.HikariDataSource - HikariPool-1 - Starting...
2025-09-12 16:05:22.190 [main] INFO  com.zaxxer.hikari.HikariDataSource - HikariPool-1 - Start completed.
2025-09-12 16:05:22.200 [main] INFO  org.springframework.boot.autoconfigure.h2.H2ConsoleAutoConfiguration - H2 console available at '/h2-console'. Database available at 'jdbc:h2:file:./db/monitor'
2025-09-12 16:05:22.400 [main] INFO  org.hibernate.jpa.internal.util.LogHelper - HHH000204: Processing PersistenceUnitInfo [name: default]
2025-09-12 16:05:22.506 [main] INFO  org.hibernate.Version - HHH000412: Hibernate Core {5.4.10.Final}
2025-09-12 16:05:22.712 [main] INFO  org.hibernate.annotations.common.Version - HCANN000001: Hibernate Commons Annotations {5.1.0.Final}
2025-09-12 16:05:22.866 [main] INFO  org.hibernate.dialect.Dialect - HHH000400: Using dialect: org.hibernate.dialect.H2Dialect
2025-09-12 16:05:23.486 [main] INFO  org.hibernate.engine.transaction.jta.platform.internal.JtaPlatformInitiator - HHH000490: Using JtaPlatform implementation: [org.hibernate.engine.transaction.jta.platform.internal.NoJtaPlatform]
2025-09-12 16:05:23.495 [main] INFO  org.springframework.orm.jpa.LocalContainerEntityManagerFactoryBean - Initialized JPA EntityManagerFactory for persistence unit 'default'
2025-09-12 16:05:24.301 [main] INFO  org.springframework.scheduling.concurrent.ThreadPoolTaskExecutor - Initializing ExecutorService 'applicationTaskExecutor'
2025-09-12 16:05:24.607 [main] INFO  org.springframework.scheduling.concurrent.ThreadPoolTaskScheduler - Initializing ExecutorService 'taskScheduler'
2025-09-12 16:05:24.653 [main] INFO  org.apache.coyote.http11.Http11NioProtocol - Starting ProtocolHandler ["http-nio-8099"]
2025-09-12 16:05:24.709 [main] INFO  org.springframework.boot.web.embedded.tomcat.TomcatWebServer - Tomcat started on port(s): 8099 (http) with context path '/cvm'
2025-09-12 16:05:24.715 [main] INFO  com.cc.monitor.MonitorApplication - Started MonitorApplication in 5.575 seconds (JVM running for 6.172)
2025-09-12 16:05:24.718 [main] INFO  com.cc.monitor.listener.AppStartupListener - 监控工具启动完成！
2025-09-12 16:05:38.506 [http-nio-8099-exec-2] INFO  org.apache.catalina.core.ContainerBase.[Tomcat].[localhost].[/cvm] - Initializing Spring DispatcherServlet 'dispatcherServlet'
2025-09-12 16:05:38.506 [http-nio-8099-exec-2] INFO  org.springframework.web.servlet.DispatcherServlet - Initializing Servlet 'dispatcherServlet'
2025-09-12 16:05:38.517 [http-nio-8099-exec-2] INFO  org.springframework.web.servlet.DispatcherServlet - Completed initialization in 9 ms
2025-09-12 16:09:20.350 [SpringContextShutdownHook] INFO  org.springframework.scheduling.concurrent.ThreadPoolTaskScheduler - Shutting down ExecutorService 'taskScheduler'
2025-09-12 16:09:20.353 [SpringContextShutdownHook] INFO  org.springframework.scheduling.concurrent.ThreadPoolTaskExecutor - Shutting down ExecutorService 'applicationTaskExecutor'
2025-09-12 16:09:20.354 [SpringContextShutdownHook] INFO  org.springframework.orm.jpa.LocalContainerEntityManagerFactoryBean - Closing JPA EntityManagerFactory for persistence unit 'default'
2025-09-12 16:09:20.357 [SpringContextShutdownHook] INFO  com.zaxxer.hikari.HikariDataSource - HikariPool-1 - Shutdown initiated...
2025-09-12 16:09:20.361 [SpringContextShutdownHook] INFO  com.zaxxer.hikari.HikariDataSource - HikariPool-1 - Shutdown completed.
2025-09-12 16:11:20.887 [main] INFO  com.cc.monitor.MonitorApplication - Starting MonitorApplication v0.0.1-SNAPSHOT on DESKTOP-L09EKHO with PID 31908 (D:\code\money\visualvm-client\java\monitor-0.0.1-SNAPSHOT.jar started by SY199 in D:\code\money\visualvm-client\java)
2025-09-12 16:11:20.891 [main] INFO  com.cc.monitor.MonitorApplication - No active profile set, falling back to default profiles: default
2025-09-12 16:11:21.491 [main] INFO  org.springframework.data.repository.config.RepositoryConfigurationDelegate - Bootstrapping Spring Data JPA repositories in DEFAULT mode.
2025-09-12 16:11:21.552 [main] INFO  org.springframework.data.repository.config.RepositoryConfigurationDelegate - Finished Spring Data repository scanning in 53ms. Found 1 JPA repository interfaces.
2025-09-12 16:11:21.885 [main] INFO  o.s.context.support.PostProcessorRegistrationDelegate$BeanPostProcessorChecker - Bean 'org.springframework.transaction.annotation.ProxyTransactionManagementConfiguration' of type [org.springframework.transaction.annotation.ProxyTransactionManagementConfiguration] is not eligible for getting processed by all BeanPostProcessors (for example: not eligible for auto-proxying)
2025-09-12 16:11:22.636 [main] INFO  org.springframework.boot.web.embedded.tomcat.TomcatWebServer - Tomcat initialized with port(s): 8099 (http)
2025-09-12 16:11:22.647 [main] INFO  org.apache.coyote.http11.Http11NioProtocol - Initializing ProtocolHandler ["http-nio-8099"]
2025-09-12 16:11:22.647 [main] INFO  org.apache.catalina.core.StandardService - Starting service [Tomcat]
2025-09-12 16:11:22.648 [main] INFO  org.apache.catalina.core.StandardEngine - Starting Servlet engine: [Apache Tomcat/9.0.30]
2025-09-12 16:11:22.706 [main] INFO  org.apache.catalina.core.ContainerBase.[Tomcat].[localhost].[/cvm] - Initializing Spring embedded WebApplicationContext
2025-09-12 16:11:22.706 [main] INFO  org.springframework.web.context.ContextLoader - Root WebApplicationContext: initialization completed in 1766 ms
2025-09-12 16:11:22.758 [main] INFO  com.zaxxer.hikari.HikariDataSource - HikariPool-1 - Starting...
2025-09-12 16:11:23.090 [main] INFO  com.zaxxer.hikari.HikariDataSource - HikariPool-1 - Start completed.
2025-09-12 16:11:23.099 [main] INFO  org.springframework.boot.autoconfigure.h2.H2ConsoleAutoConfiguration - H2 console available at '/h2-console'. Database available at 'jdbc:h2:file:./db/monitor'
2025-09-12 16:11:23.264 [main] INFO  org.hibernate.jpa.internal.util.LogHelper - HHH000204: Processing PersistenceUnitInfo [name: default]
2025-09-12 16:11:23.350 [main] INFO  org.hibernate.Version - HHH000412: Hibernate Core {5.4.10.Final}
2025-09-12 16:11:23.501 [main] INFO  org.hibernate.annotations.common.Version - HCANN000001: Hibernate Commons Annotations {5.1.0.Final}
2025-09-12 16:11:23.621 [main] INFO  org.hibernate.dialect.Dialect - HHH000400: Using dialect: org.hibernate.dialect.H2Dialect
2025-09-12 16:11:24.119 [main] INFO  org.hibernate.engine.transaction.jta.platform.internal.JtaPlatformInitiator - HHH000490: Using JtaPlatform implementation: [org.hibernate.engine.transaction.jta.platform.internal.NoJtaPlatform]
2025-09-12 16:11:24.126 [main] INFO  org.springframework.orm.jpa.LocalContainerEntityManagerFactoryBean - Initialized JPA EntityManagerFactory for persistence unit 'default'
2025-09-12 16:11:24.703 [main] INFO  org.springframework.scheduling.concurrent.ThreadPoolTaskExecutor - Initializing ExecutorService 'applicationTaskExecutor'
2025-09-12 16:11:24.908 [main] INFO  org.springframework.scheduling.concurrent.ThreadPoolTaskScheduler - Initializing ExecutorService 'taskScheduler'
2025-09-12 16:11:24.943 [main] INFO  org.apache.coyote.http11.Http11NioProtocol - Starting ProtocolHandler ["http-nio-8099"]
2025-09-12 16:11:24.985 [main] INFO  org.springframework.boot.web.embedded.tomcat.TomcatWebServer - Tomcat started on port(s): 8099 (http) with context path '/cvm'
2025-09-12 16:11:24.990 [main] INFO  com.cc.monitor.MonitorApplication - Started MonitorApplication in 4.632 seconds (JVM running for 5.102)
2025-09-12 16:11:24.993 [main] INFO  com.cc.monitor.listener.AppStartupListener - 监控工具启动完成！
2025-09-12 16:22:34.022 [http-nio-8099-exec-1] INFO  org.apache.catalina.core.ContainerBase.[Tomcat].[localhost].[/cvm] - Initializing Spring DispatcherServlet 'dispatcherServlet'
2025-09-12 16:22:34.023 [http-nio-8099-exec-1] INFO  org.springframework.web.servlet.DispatcherServlet - Initializing Servlet 'dispatcherServlet'
2025-09-12 16:22:34.032 [http-nio-8099-exec-1] INFO  org.springframework.web.servlet.DispatcherServlet - Completed initialization in 9 ms
