2025-09-12 09:19:34.599 [main] INFO  com.cc.monitor.MonitorApplication - Starting MonitorApplication v0.0.1-SNAPSHOT on DESKTOP-L09EKHO with PID 18096 (D:\code\money\visualvm-client\java\monitor-0.0.1-SNAPSHOT.jar started by SY199 in D:\code\money\visualvm-client)
2025-09-12 09:19:34.610 [main] INFO  com.cc.monitor.MonitorApplication - No active profile set, falling back to default profiles: default
2025-09-12 09:19:35.192 [main] INFO  org.springframework.data.repository.config.RepositoryConfigurationDelegate - Bootstrapping Spring Data JPA repositories in DEFAULT mode.
2025-09-12 09:19:35.256 [main] INFO  org.springframework.data.repository.config.RepositoryConfigurationDelegate - Finished Spring Data repository scanning in 54ms. Found 1 JPA repository interfaces.
2025-09-12 09:19:35.585 [main] INFO  o.s.context.support.PostProcessorRegistrationDelegate$BeanPostProcessorChecker - Bean 'org.springframework.transaction.annotation.ProxyTransactionManagementConfiguration' of type [org.springframework.transaction.annotation.ProxyTransactionManagementConfiguration] is not eligible for getting processed by all BeanPostProcessors (for example: not eligible for auto-proxying)
2025-09-12 09:19:36.342 [main] INFO  org.springframework.boot.web.embedded.tomcat.TomcatWebServer - Tomcat initialized with port(s): 8099 (http)
2025-09-12 09:19:36.353 [main] INFO  org.apache.coyote.http11.Http11NioProtocol - Initializing ProtocolHandler ["http-nio-8099"]
2025-09-12 09:19:36.353 [main] INFO  org.apache.catalina.core.StandardService - Starting service [Tomcat]
2025-09-12 09:19:36.353 [main] INFO  org.apache.catalina.core.StandardEngine - Starting Servlet engine: [Apache Tomcat/9.0.30]
2025-09-12 09:19:36.412 [main] INFO  org.apache.catalina.core.ContainerBase.[Tomcat].[localhost].[/cvm] - Initializing Spring embedded WebApplicationContext
2025-09-12 09:19:36.413 [main] INFO  org.springframework.web.context.ContextLoader - Root WebApplicationContext: initialization completed in 1751 ms
2025-09-12 09:19:36.461 [main] INFO  com.zaxxer.hikari.HikariDataSource - HikariPool-1 - Starting...
2025-09-12 09:19:36.759 [main] INFO  com.zaxxer.hikari.HikariDataSource - HikariPool-1 - Start completed.
2025-09-12 09:19:36.764 [main] INFO  org.springframework.boot.autoconfigure.h2.H2ConsoleAutoConfiguration - H2 console available at '/h2-console'. Database available at 'jdbc:h2:file:./db/monitor'
2025-09-12 09:19:36.952 [main] INFO  org.hibernate.jpa.internal.util.LogHelper - HHH000204: Processing PersistenceUnitInfo [name: default]
2025-09-12 09:19:37.036 [main] INFO  org.hibernate.Version - HHH000412: Hibernate Core {5.4.10.Final}
2025-09-12 09:19:37.194 [main] INFO  org.hibernate.annotations.common.Version - HCANN000001: Hibernate Commons Annotations {5.1.0.Final}
2025-09-12 09:19:37.362 [main] INFO  org.hibernate.dialect.Dialect - HHH000400: Using dialect: org.hibernate.dialect.H2Dialect
2025-09-12 09:19:37.895 [main] INFO  org.hibernate.engine.transaction.jta.platform.internal.JtaPlatformInitiator - HHH000490: Using JtaPlatform implementation: [org.hibernate.engine.transaction.jta.platform.internal.NoJtaPlatform]
2025-09-12 09:19:37.901 [main] INFO  org.springframework.orm.jpa.LocalContainerEntityManagerFactoryBean - Initialized JPA EntityManagerFactory for persistence unit 'default'
2025-09-12 09:19:38.392 [main] INFO  org.springframework.scheduling.concurrent.ThreadPoolTaskExecutor - Initializing ExecutorService 'applicationTaskExecutor'
2025-09-12 09:19:38.597 [main] INFO  org.springframework.scheduling.concurrent.ThreadPoolTaskScheduler - Initializing ExecutorService 'taskScheduler'
2025-09-12 09:19:38.628 [main] INFO  org.apache.coyote.http11.Http11NioProtocol - Starting ProtocolHandler ["http-nio-8099"]
2025-09-12 09:19:38.677 [main] INFO  org.springframework.boot.web.embedded.tomcat.TomcatWebServer - Tomcat started on port(s): 8099 (http) with context path '/cvm'
2025-09-12 09:19:38.682 [main] INFO  com.cc.monitor.MonitorApplication - Started MonitorApplication in 4.663 seconds (JVM running for 5.341)
2025-09-12 09:19:38.685 [main] INFO  com.cc.monitor.listener.AppStartupListener - 监控工具启动完成！
